app/build/intermediates/manifest_merge_blame_file/debug/manifest-merger-blame-debug-report.txt
1<?xml version="1.0" encoding="utf-8"?>
2<manifest xmlns:android="http://schemas.android.com/apk/res/android"
3    package="com.example.fridge"
4    android:versionCode="1"
5    android:versionName="1.0" >
6
7    <uses-sdk
8        android:minSdkVersion="15"
8-->src/main/AndroidManifest.xml
9        android:targetSdkVersion="29" />
9-->src/main/AndroidManifest.xml
10
11    <application
11-->src/main/AndroidManifest.xml:5:5-32:19
12        android:allowBackup="true"
12-->src/main/AndroidManifest.xml:6:9-35
13        android:appComponentFactory="androidx.core.app.CoreComponentFactory"
13-->[androidx.core:core:1.1.0] AndroidManifest.xml:24:18-86
14        android:debuggable="true"
15        android:icon="@mipmap/ic_launcher"
15-->src/main/AndroidManifest.xml:7:9-43
16        android:label="@string/app_name"
16-->src/main/AndroidManifest.xml:8:9-41
17        android:roundIcon="@mipmap/ic_launcher_round"
17-->src/main/AndroidManifest.xml:9:9-54
18        android:supportsRtl="true"
18-->src/main/AndroidManifest.xml:10:9-35
19        android:testOnly="true"
20        android:theme="@style/AppTheme" >
20-->src/main/AndroidManifest.xml:11:9-40
21        <activity android:name="com.example.fridge.DeleteInActivity" />
21-->src/main/AndroidManifest.xml:12:9-63
21-->src/main/AndroidManifest.xml:12:19-51
22        <activity android:name="com.example.fridge.RecListActivity" />
22-->src/main/AndroidManifest.xml:13:9-53
22-->src/main/AndroidManifest.xml:13:19-50
23        <activity android:name="com.example.fridge.RecipeActivity" />
23-->src/main/AndroidManifest.xml:14:9-52
23-->src/main/AndroidManifest.xml:14:19-49
24        <activity android:name="com.example.fridge.IngredientActivity" />
24-->src/main/AndroidManifest.xml:15:9-56
24-->src/main/AndroidManifest.xml:15:19-53
25        <activity android:name="com.example.fridge.ListActivity" />
25-->src/main/AndroidManifest.xml:16:9-50
25-->src/main/AndroidManifest.xml:16:19-47
26        <activity
26-->src/main/AndroidManifest.xml:17:9-20:59
27            android:name="com.example.fridge.ItemsActivity"
27-->src/main/AndroidManifest.xml:18:13-42
28            android:label="@string/title_activity_items"
28-->src/main/AndroidManifest.xml:19:13-57
29            android:theme="@style/AppTheme.NoActionBar" />
29-->src/main/AndroidManifest.xml:20:13-56
30        <activity android:name="com.example.fridge.MainActivity" >
30-->src/main/AndroidManifest.xml:21:9-27:20
30-->src/main/AndroidManifest.xml:21:19-47
31            <intent-filter>
31-->src/main/AndroidManifest.xml:22:13-26:29
32                <action android:name="android.intent.action.MAIN" />
32-->src/main/AndroidManifest.xml:23:17-69
32-->src/main/AndroidManifest.xml:23:25-66
33
34                <category android:name="android.intent.category.LAUNCHER" />
34-->src/main/AndroidManifest.xml:25:17-77
34-->src/main/AndroidManifest.xml:25:27-74
35            </intent-filter>
36        </activity>
37
38        <meta-data
38-->src/main/AndroidManifest.xml:29:9-31:57
39            android:name="preloaded_fonts"
39-->src/main/AndroidManifest.xml:30:13-43
40            android:resource="@array/preloaded_fonts" />
40-->src/main/AndroidManifest.xml:31:13-54
41
42        <provider
42-->[androidx.lifecycle:lifecycle-process:2.2.0] AndroidManifest.xml:25:9-29:43
43            android:name="androidx.lifecycle.ProcessLifecycleOwnerInitializer"
43-->[androidx.lifecycle:lifecycle-process:2.2.0] AndroidManifest.xml:26:13-79
44            android:authorities="com.example.fridge.lifecycle-process"
44-->[androidx.lifecycle:lifecycle-process:2.2.0] AndroidManifest.xml:27:13-69
45            android:exported="false"
45-->[androidx.lifecycle:lifecycle-process:2.2.0] AndroidManifest.xml:28:13-37
46            android:multiprocess="true" />
46-->[androidx.lifecycle:lifecycle-process:2.2.0] AndroidManifest.xml:29:13-40
47    </application>
48
49</manifest>